# JRE version: Java(TM) SE Runtime Environment 18.9 (11.0.17+10) (build 11.0.17+10-LTS-269)
# Java VM: Java HotSpot(TM) 64-Bit Server VM 18.9 (11.0.17+10-LTS-269, mixed mode, tiered, compressed oops, g1 gc, windows-amd64)
Heap:
 garbage-first heap   total 63488K, used 15133K [0x00000000c3000000, 0x0000000100000000)
  region size 1024K, 4 young (4096K), 2 survivors (2048K)
 Metaspace       used 23748K, capacity 24486K, committed 24832K, reserved 1071104K
  class space    used 2632K, capacity 2962K, committed 3072K, reserved 1048576K
GC Heap History (8 events):
Event: 1.803 GC heap before
{Heap before GC invocations=0 (full 0):
 garbage-first heap   total 63488K, used 13312K [0x00000000c3000000, 0x0000000100000000)
  region size 1024K, 14 young (14336K), 0 survivors (0K)
 Metaspace       used 7098K, capacity 7146K, committed 7296K, reserved 1056768K
  class space    used 622K, capacity 635K, committed 640K, reserved 1048576K
}
Event: 1.813 GC heap after
{Heap after GC invocations=1 (full 0):
 garbage-first heap   total 63488K, used 7244K [0x00000000c3000000, 0x0000000100000000)
  region size 1024K, 2 young (2048K), 2 survivors (2048K)
 Metaspace       used 7098K, capacity 7146K, committed 7296K, reserved 1056768K
  class space    used 622K, capacity 635K, committed 640K, reserved 1048576K
}
Event: 3.572 GC heap before
{Heap before GC invocations=1 (full 0):
 garbage-first heap   total 63488K, used 18508K [0x00000000c3000000, 0x0000000100000000)
  region size 1024K, 13 young (13312K), 2 survivors (2048K)
 Metaspace       used 11738K, capacity 11986K, committed 12032K, reserved 1060864K
  class space    used 1141K, capacity 1234K, committed 1280K, reserved 1048576K
}
Event: 3.598 GC heap after
{Heap after GC invocations=2 (full 0):
 garbage-first heap   total 63488K, used 8232K [0x00000000c3000000, 0x0000000100000000)
  region size 1024K, 2 young (2048K), 2 survivors (2048K)
 Metaspace       used 11738K, capacity 11986K, committed 12032K, reserved 1060864K
  class space    used 1141K, capacity 1234K, committed 1280K, reserved 1048576K
}
Event: 4.965 GC heap before
{Heap before GC invocations=2 (full 0):
 garbage-first heap   total 63488K, used 27688K [0x00000000c3000000, 0x0000000100000000)
  region size 1024K, 21 young (21504K), 2 survivors (2048K)
 Metaspace       used 15795K, capacity 16430K, committed 16640K, reserved 1064960K
  class space    used 1682K, capacity 1954K, committed 2048K, reserved 1048576K
}
Event: 4.971 GC heap after
{Heap after GC invocations=3 (full 0):
 garbage-first heap   total 63488K, used 9299K [0x00000000c3000000, 0x0000000100000000)
  region size 1024K, 3 young (3072K), 3 survivors (3072K)
 Metaspace       used 15795K, capacity 16430K, committed 16640K, reserved 1064960K
  class space    used 1682K, capacity 1954K, committed 2048K, reserved 1048576K
}
Event: 7.397 GC heap before
{Heap before GC invocations=3 (full 0):
 garbage-first heap   total 63488K, used 37971K [0x00000000c3000000, 0x0000000100000000)
  region size 1024K, 32 young (32768K), 3 survivors (3072K)
 Metaspace       used 20469K, capacity 21111K, committed 21248K, reserved 1069056K
  class space    used 2174K, capacity 2446K, committed 2560K, reserved 1048576K
}
Event: 7.411 GC heap after
{Heap after GC invocations=4 (full 0):
 garbage-first heap   total 63488K, used 12698K [0x00000000c3000000, 0x0000000100000000)
  region size 1024K, 4 young (4096K), 4 survivors (4096K)
 Metaspace       used 20469K, capacity 21111K, committed 21248K, reserved 1069056K
  class space    used 2174K, capacity 2446K, committed 2560K, reserved 1048576K
}

