<?xml version="1.0" encoding="UTF-8"?>
<!-- Generated by org.testng.reporters.JUnitXMLReporter -->
<testsuite ignored="0" hostname="DESKTOP-T9GRIS5" failures="2" tests="2" name="Default test" time="94.291" errors="0" timestamp="2023-02-11T17:16:30 IST">
  <testcase classname="io.cucumber.testng.AbstractTestNGCucumberTests" name="runScenario" time="42.228">
    <failure type="java.lang.NullPointerException">
      <![CDATA[java.lang.NullPointerException
at rahulshettyacademy.testcomponent.BaseTest.tearDown(BaseTest.java:122)
at rahulshettyacademy.stepdefinition.StepDefinition.closeBrowser(StepDefinition.java:37)
]]>
    </failure>
  </testcase> <!-- runScenario -->
  <testcase classname="io.cucumber.testng.AbstractTestNGCucumberTests" name="runScenario" time="45.115">
    <failure type="java.lang.NullPointerException">
      <![CDATA[java.lang.NullPointerException
at rahulshettyacademy.testcomponent.BaseTest.tearDown(BaseTest.java:122)
at rahulshettyacademy.stepdefinition.StepDefinition.closeBrowser(StepDefinition.java:37)
]]>
    </failure>
  </testcase> <!-- runScenario -->
</testsuite> <!-- Default test -->
