<?xml version="1.0" encoding="UTF-8"?>
<!-- Generated by org.testng.reporters.JUnitXMLReporter -->
<testsuite ignored="0" hostname="DESKTOP-T9GRIS5" failures="3" tests="5" name="Error validation Test" time="210.423" errors="0" timestamp="2023-06-09T18:24:52 IST">
  <testcase classname="airportTDD.flightBookingTDD.tests.ErrorMessageTest" name="User_selects_more_than_9_Passanger" time="23.618"/>
  <testcase classname="airportTDD.flightBookingTDD.tests.HolidayPackageTest" name="bookHolidayPackage" time="27.215"/>
  <testcase classname="airportTDD.flightBookingTDD.tests.SearchFlightTest1" name="searchWithMulticity" time="27.088">
    <failure type="org.openqa.selenium.ElementNotInteractableException" message="element not interactable
  (Session info: MicrosoftEdge=114.0.1823.41)
Build info: version: &amp;apos;4.8.0&amp;apos;, revision: &amp;apos;267030adea&amp;apos;
System info: os.name: &amp;apos;Windows 10&amp;apos;, os.arch: &amp;apos;amd64&amp;apos;, os.version: &amp;apos;10.0&amp;apos;, java.version: &amp;apos;11.0.17&amp;apos;
Driver info: org.openqa.selenium.edge.EdgeDriver
Command: [40e231bc5adf430cccb6cb468b79187e, clickElement {id=3DCC6E5C863471CA1C4E4BD1422D352A_element_65}]
Capabilities {acceptInsecureCerts: false, browserName: msedge, browserVersion: 114.0.1823.41, ms:edgeOptions: {debuggerAddress: localhost:58006}, msedge: {msedgedriverVersion: 114.0.1823.43 (ef5b3acd8c1d..., userDataDir: C:\Users\Admin\AppData\Loca...}, networkConnectionEnabled: false, pageLoadStrategy: normal, platformName: WINDOWS, proxy: Proxy(), se:cdp: ws://localhost:58006/devtoo..., se:cdpVersion: 114.0.1823.41, setWindowRect: true, strictFileInteractability: false, timeouts: {implicit: 0, pageLoad: 300000, script: 30000}, unhandledPromptBehavior: dismiss and notify, webauthn:extension:credBlob: true, webauthn:extension:largeBlob: true, webauthn:extension:minPinLength: true, webauthn:extension:prf: true, webauthn:virtualAuthenticators: true}
Element: [[EdgeDriver: msedge on WINDOWS (40e231bc5adf430cccb6cb468b79187e)] -&amp;gt; id: hrefIncAdt]
Session ID: 40e231bc5adf430cccb6cb468b79187e">
      <![CDATA[org.openqa.selenium.ElementNotInteractableException: element not interactable
  (Session info: MicrosoftEdge=114.0.1823.41)
Build info: version: '4.8.0', revision: '267030adea'
System info: os.name: 'Windows 10', os.arch: 'amd64', os.version: '10.0', java.version: '11.0.17'
Driver info: org.openqa.selenium.edge.EdgeDriver
Command: [40e231bc5adf430cccb6cb468b79187e, clickElement {id=3DCC6E5C863471CA1C4E4BD1422D352A_element_65}]
Capabilities {acceptInsecureCerts: false, browserName: msedge, browserVersion: 114.0.1823.41, ms:edgeOptions: {debuggerAddress: localhost:58006}, msedge: {msedgedriverVersion: 114.0.1823.43 (ef5b3acd8c1d..., userDataDir: C:\Users\Admin\AppData\Loca...}, networkConnectionEnabled: false, pageLoadStrategy: normal, platformName: WINDOWS, proxy: Proxy(), se:cdp: ws://localhost:58006/devtoo..., se:cdpVersion: 114.0.1823.41, setWindowRect: true, strictFileInteractability: false, timeouts: {implicit: 0, pageLoad: 300000, script: 30000}, unhandledPromptBehavior: dismiss and notify, webauthn:extension:credBlob: true, webauthn:extension:largeBlob: true, webauthn:extension:minPinLength: true, webauthn:extension:prf: true, webauthn:virtualAuthenticators: true}
Element: [[EdgeDriver: msedge on WINDOWS (40e231bc5adf430cccb6cb468b79187e)] -> id: hrefIncAdt]
Session ID: 40e231bc5adf430cccb6cb468b79187e
at org.openqa.selenium.remote.codec.w3c.W3CHttpResponseCodec.createException(W3CHttpResponseCodec.java:200)
at org.openqa.selenium.remote.codec.w3c.W3CHttpResponseCodec.decode(W3CHttpResponseCodec.java:133)
at org.openqa.selenium.remote.codec.w3c.W3CHttpResponseCodec.decode(W3CHttpResponseCodec.java:53)
at org.openqa.selenium.remote.HttpCommandExecutor.execute(HttpCommandExecutor.java:184)
at org.openqa.selenium.remote.service.DriverCommandExecutor.invokeExecute(DriverCommandExecutor.java:167)
at org.openqa.selenium.remote.service.DriverCommandExecutor.execute(DriverCommandExecutor.java:142)
at org.openqa.selenium.remote.RemoteWebDriver.execute(RemoteWebDriver.java:543)
at org.openqa.selenium.remote.RemoteWebElement.execute(RemoteWebElement.java:257)
at org.openqa.selenium.remote.RemoteWebElement.click(RemoteWebElement.java:78)
at org.openqa.selenium.support.pagefactory.internal.LocatingElementHandler.invoke(LocatingElementHandler.java:52)
at com.sun.proxy.$Proxy15.click(Unknown Source)
at AbstractComponents.SearchFlightAvailability.selectPassenger(SearchFlightAvailability.java:143)
at mainPageObject.TravelHomePage.selectPassenger(TravelHomePage.java:93)
at airportTDD.flightBookingTDD.tests.SearchFlightTest1.searchWithMulticity(SearchFlightTest1.java:22)
at java.base/java.util.ArrayList.forEach(ArrayList.java:1541)
... Removed 34 stack frames]]>
    </failure>
  </testcase> <!-- searchWithMulticity -->
  <testcase classname="airportTDD.flightBookingTDD.tests.SearchFlightTest1" name="searchWithoneWay" time="17.803">
    <failure type="org.openqa.selenium.ElementNotInteractableException" message="element not interactable
  (Session info: MicrosoftEdge=114.0.1823.41)
Build info: version: &amp;apos;4.8.0&amp;apos;, revision: &amp;apos;267030adea&amp;apos;
System info: os.name: &amp;apos;Windows 10&amp;apos;, os.arch: &amp;apos;amd64&amp;apos;, os.version: &amp;apos;10.0&amp;apos;, java.version: &amp;apos;11.0.17&amp;apos;
Driver info: org.openqa.selenium.edge.EdgeDriver
Command: [b10afbd782510ca27e71ac1a4e1d8715, clickElement {id=F3B6837268B6A59D52E724D75CF46E38_element_55}]
Capabilities {acceptInsecureCerts: false, browserName: msedge, browserVersion: 114.0.1823.41, ms:edgeOptions: {debuggerAddress: localhost:58150}, msedge: {msedgedriverVersion: 114.0.1823.43 (ef5b3acd8c1d..., userDataDir: C:\Users\Admin\AppData\Loca...}, networkConnectionEnabled: false, pageLoadStrategy: normal, platformName: WINDOWS, proxy: Proxy(), se:cdp: ws://localhost:58150/devtoo..., se:cdpVersion: 114.0.1823.41, setWindowRect: true, strictFileInteractability: false, timeouts: {implicit: 0, pageLoad: 300000, script: 30000}, unhandledPromptBehavior: dismiss and notify, webauthn:extension:credBlob: true, webauthn:extension:largeBlob: true, webauthn:extension:minPinLength: true, webauthn:extension:prf: true, webauthn:virtualAuthenticators: true}
Element: [[EdgeDriver: msedge on WINDOWS (b10afbd782510ca27e71ac1a4e1d8715)] -&amp;gt; id: hrefIncAdt]
Session ID: b10afbd782510ca27e71ac1a4e1d8715">
      <![CDATA[org.openqa.selenium.ElementNotInteractableException: element not interactable
  (Session info: MicrosoftEdge=114.0.1823.41)
Build info: version: '4.8.0', revision: '267030adea'
System info: os.name: 'Windows 10', os.arch: 'amd64', os.version: '10.0', java.version: '11.0.17'
Driver info: org.openqa.selenium.edge.EdgeDriver
Command: [b10afbd782510ca27e71ac1a4e1d8715, clickElement {id=F3B6837268B6A59D52E724D75CF46E38_element_55}]
Capabilities {acceptInsecureCerts: false, browserName: msedge, browserVersion: 114.0.1823.41, ms:edgeOptions: {debuggerAddress: localhost:58150}, msedge: {msedgedriverVersion: 114.0.1823.43 (ef5b3acd8c1d..., userDataDir: C:\Users\Admin\AppData\Loca...}, networkConnectionEnabled: false, pageLoadStrategy: normal, platformName: WINDOWS, proxy: Proxy(), se:cdp: ws://localhost:58150/devtoo..., se:cdpVersion: 114.0.1823.41, setWindowRect: true, strictFileInteractability: false, timeouts: {implicit: 0, pageLoad: 300000, script: 30000}, unhandledPromptBehavior: dismiss and notify, webauthn:extension:credBlob: true, webauthn:extension:largeBlob: true, webauthn:extension:minPinLength: true, webauthn:extension:prf: true, webauthn:virtualAuthenticators: true}
Element: [[EdgeDriver: msedge on WINDOWS (b10afbd782510ca27e71ac1a4e1d8715)] -> id: hrefIncAdt]
Session ID: b10afbd782510ca27e71ac1a4e1d8715
at org.openqa.selenium.remote.codec.w3c.W3CHttpResponseCodec.createException(W3CHttpResponseCodec.java:200)
at org.openqa.selenium.remote.codec.w3c.W3CHttpResponseCodec.decode(W3CHttpResponseCodec.java:133)
at org.openqa.selenium.remote.codec.w3c.W3CHttpResponseCodec.decode(W3CHttpResponseCodec.java:53)
at org.openqa.selenium.remote.HttpCommandExecutor.execute(HttpCommandExecutor.java:184)
at org.openqa.selenium.remote.service.DriverCommandExecutor.invokeExecute(DriverCommandExecutor.java:167)
at org.openqa.selenium.remote.service.DriverCommandExecutor.execute(DriverCommandExecutor.java:142)
at org.openqa.selenium.remote.RemoteWebDriver.execute(RemoteWebDriver.java:543)
at org.openqa.selenium.remote.RemoteWebElement.execute(RemoteWebElement.java:257)
at org.openqa.selenium.remote.RemoteWebElement.click(RemoteWebElement.java:78)
at org.openqa.selenium.support.pagefactory.internal.LocatingElementHandler.invoke(LocatingElementHandler.java:52)
at com.sun.proxy.$Proxy15.click(Unknown Source)
at AbstractComponents.SearchFlightAvailability.selectPassenger(SearchFlightAvailability.java:143)
at mainPageObject.TravelHomePage.selectPassenger(TravelHomePage.java:93)
at airportTDD.flightBookingTDD.tests.SearchFlightTest1.searchWithoneWay(SearchFlightTest1.java:36)
at java.base/java.util.ArrayList.forEach(ArrayList.java:1541)
... Removed 34 stack frames]]>
    </failure>
  </testcase> <!-- searchWithoneWay -->
  <testcase classname="airportTDD.flightBookingTDD.tests.SearchFlightTest1" name="searchWithroundTrip" time="17.689">
    <failure type="org.openqa.selenium.ElementClickInterceptedException" message="element click intercepted: Element &amp;lt;input name=&amp;quot;ctl00$mainContent$view_date2&amp;quot; type=&amp;quot;text&amp;quot; readonly=&amp;quot;readonly&amp;quot; id=&amp;quot;ctl00_mainContent_view_date2&amp;quot; class=&amp;quot;custom_date_pic required home-date-pick&amp;quot;&amp;gt; is not clickable at point (759, 243). Other element would receive the click: &amp;lt;div class=&amp;quot;ui-datepicker-title&amp;quot;&amp;gt;...&amp;lt;/div&amp;gt;
  (Session info: MicrosoftEdge=114.0.1823.41)
Build info: version: &amp;apos;4.8.0&amp;apos;, revision: &amp;apos;267030adea&amp;apos;
System info: os.name: &amp;apos;Windows 10&amp;apos;, os.arch: &amp;apos;amd64&amp;apos;, os.version: &amp;apos;10.0&amp;apos;, java.version: &amp;apos;11.0.17&amp;apos;
Driver info: org.openqa.selenium.edge.EdgeDriver
Command: [504548a749d12fde3ae1c31b29ddfa1c, clickElement {id=26F7E1D432BAFA0B3B92620B95BE1669_element_15}]
Capabilities {acceptInsecureCerts: false, browserName: msedge, browserVersion: 114.0.1823.41, ms:edgeOptions: {debuggerAddress: localhost:58283}, msedge: {msedgedriverVersion: 114.0.1823.43 (ef5b3acd8c1d..., userDataDir: C:\Users\Admin\AppData\Loca...}, networkConnectionEnabled: false, pageLoadStrategy: normal, platformName: WINDOWS, proxy: Proxy(), se:cdp: ws://localhost:58283/devtoo..., se:cdpVersion: 114.0.1823.41, setWindowRect: true, strictFileInteractability: false, timeouts: {implicit: 0, pageLoad: 300000, script: 30000}, unhandledPromptBehavior: dismiss and notify, webauthn:extension:credBlob: true, webauthn:extension:largeBlob: true, webauthn:extension:minPinLength: true, webauthn:extension:prf: true, webauthn:virtualAuthenticators: true}
Element: [[EdgeDriver: msedge on WINDOWS (504548a749d12fde3ae1c31b29ddfa1c)] -&amp;gt; name: ctl00$mainContent$view_date2]
Session ID: 504548a749d12fde3ae1c31b29ddfa1c">
      <![CDATA[org.openqa.selenium.ElementClickInterceptedException: element click intercepted: Element <input name="ctl00$mainContent$view_date2" type="text" readonly="readonly" id="ctl00_mainContent_view_date2" class="custom_date_pic required home-date-pick"> is not clickable at point (759, 243). Other element would receive the click: <div class="ui-datepicker-title">...</div>
  (Session info: MicrosoftEdge=114.0.1823.41)
Build info: version: '4.8.0', revision: '267030adea'
System info: os.name: 'Windows 10', os.arch: 'amd64', os.version: '10.0', java.version: '11.0.17'
Driver info: org.openqa.selenium.edge.EdgeDriver
Command: [504548a749d12fde3ae1c31b29ddfa1c, clickElement {id=26F7E1D432BAFA0B3B92620B95BE1669_element_15}]
Capabilities {acceptInsecureCerts: false, browserName: msedge, browserVersion: 114.0.1823.41, ms:edgeOptions: {debuggerAddress: localhost:58283}, msedge: {msedgedriverVersion: 114.0.1823.43 (ef5b3acd8c1d..., userDataDir: C:\Users\Admin\AppData\Loca...}, networkConnectionEnabled: false, pageLoadStrategy: normal, platformName: WINDOWS, proxy: Proxy(), se:cdp: ws://localhost:58283/devtoo..., se:cdpVersion: 114.0.1823.41, setWindowRect: true, strictFileInteractability: false, timeouts: {implicit: 0, pageLoad: 300000, script: 30000}, unhandledPromptBehavior: dismiss and notify, webauthn:extension:credBlob: true, webauthn:extension:largeBlob: true, webauthn:extension:minPinLength: true, webauthn:extension:prf: true, webauthn:virtualAuthenticators: true}
Element: [[EdgeDriver: msedge on WINDOWS (504548a749d12fde3ae1c31b29ddfa1c)] -> name: ctl00$mainContent$view_date2]
Session ID: 504548a749d12fde3ae1c31b29ddfa1c
at org.openqa.selenium.remote.codec.w3c.W3CHttpResponseCodec.createException(W3CHttpResponseCodec.java:200)
at org.openqa.selenium.remote.codec.w3c.W3CHttpResponseCodec.decode(W3CHttpResponseCodec.java:133)
at org.openqa.selenium.remote.codec.w3c.W3CHttpResponseCodec.decode(W3CHttpResponseCodec.java:53)
at org.openqa.selenium.remote.HttpCommandExecutor.execute(HttpCommandExecutor.java:184)
at org.openqa.selenium.remote.service.DriverCommandExecutor.invokeExecute(DriverCommandExecutor.java:167)
at org.openqa.selenium.remote.service.DriverCommandExecutor.execute(DriverCommandExecutor.java:142)
at org.openqa.selenium.remote.RemoteWebDriver.execute(RemoteWebDriver.java:543)
at org.openqa.selenium.remote.RemoteWebElement.execute(RemoteWebElement.java:257)
at org.openqa.selenium.remote.RemoteWebElement.click(RemoteWebElement.java:78)
at org.openqa.selenium.support.pagefactory.internal.LocatingElementHandler.invoke(LocatingElementHandler.java:52)
at com.sun.proxy.$Proxy15.click(Unknown Source)
at AbstractComponents.SearchFlightAvailability.returnDate(SearchFlightAvailability.java:85)
at mainPageObject.TravelHomePage.returnDate(TravelHomePage.java:84)
at airportTDD.flightBookingTDD.tests.SearchFlightTest1.searchWithroundTrip(SearchFlightTest1.java:50)
at java.base/java.util.ArrayList.forEach(ArrayList.java:1541)
... Removed 34 stack frames]]>
    </failure>
  </testcase> <!-- searchWithroundTrip -->
</testsuite> <!-- Error validation Test -->
