<?xml version="1.0" encoding="UTF-8"?>
<!-- Generated by org.testng.reporters.JUnitXMLReporter -->
<testsuite ignored="0" hostname="DESKTOP-T9GRIS5" failures="0" tests="3" name="Submit order Test" time="79.175" errors="0" timestamp="2023-02-10T16:57:01 IST">
  <testcase classname="rahulshettyacademy.seleniumframeworkdesign.SubmitOrderTest" name="submitorder" time="11.77"/>
  <testcase classname="rahulshettyacademy.seleniumframeworkdesign.SubmitOrderTest" name="submitorder" time="21.253"/>
  <testcase classname="rahulshettyacademy.seleniumframeworkdesign.SubmitOrderTest" name="ordersVerification" time="2.651"/>
</testsuite> <!-- Submit order Test -->
