<?xml version="1.0" encoding="UTF-8"?>
<!-- Generated by org.testng.reporters.JUnitXMLReporter -->
<testsuite ignored="0" hostname="DESKTOP-T9GRIS5" failures="0" tests="3" name="Error validation Test" time="40.095" errors="0" timestamp="2023-02-10T17:43:14 IST">
  <testcase classname="rahulshettyacademy.seleniumframeworkdesign.ErrorValidation" name="incorrectCredentials" time="1.229"/>
  <testcase classname="rahulshettyacademy.seleniumframeworkdesign.ErrorValidation" name="productError" time="7.179"/>
  <testcase classname="rahulshettyacademy.seleniumframeworkdesign.ErrorValidation" name="productError" time="7.544"/>
</testsuite> <!-- Error validation Test -->
