<?xml version="1.0" encoding="UTF-8"?>
<!-- Generated by org.testng.reporters.JUnitXMLReporter -->
<testsuite ignored="0" hostname="DESKTOP-T9GRIS5" failures="0" tests="5" name="Error validation Test" time="196.963" errors="0" timestamp="2023-06-25T14:52:15 IST">
  <testcase classname="airportTDD.flightBookingTDD.tests.ErrorMessageTest" name="User_selects_more_than_9_Passanger" time="21.761"/>
  <testcase classname="airportTDD.flightBookingTDD.tests.HolidayPackageTest" name="bookHolidayPackage" time="27.048"/>
  <testcase classname="airportTDD.flightBookingTDD.tests.SearchFlightTest1" name="searchWithMulticity" time="31.151"/>
  <testcase classname="airportTDD.flightBookingTDD.tests.SearchFlightTest1" name="searchWithoneWay" time="16.38"/>
  <testcase classname="airportTDD.flightBookingTDD.tests.SearchFlightTest1" name="searchWithroundTrip" time="25.008"/>
</testsuite> <!-- Error validation Test -->
