<?xml version="1.0" encoding="UTF-8"?>
<!-- Generated by org.testng.reporters.JUnitXMLReporter -->
<testsuite ignored="0" hostname="DESKTOP-T9GRIS5" failures="0" tests="3" name="Error validation Test-1" time="3.888" errors="0" timestamp="2023-07-21T10:57:48 IST">
  <testcase classname="rahulshettyacademy.seleniumframeworkdesign.SubmitOrderTest" name="cartValidation" time="0.0">
    <skipped/>
  </testcase> <!-- cartValidation -->
  <testcase classname="rahulshettyacademy.seleniumframeworkdesign.ErrorValidationTest" name="incorrectCredentials" time="0.0">
    <skipped/>
  </testcase> <!-- incorrectCredentials -->
  <testcase classname="rahulshettyacademy.seleniumframeworkdesign.SubmitOrderTest" name="submitorder" time="0.0">
    <skipped/>
  </testcase> <!-- submitorder -->
</testsuite> <!-- Error validation Test-1 -->
