<?xml version="1.0" encoding="UTF-8"?>
<!-- Generated by org.testng.reporters.JUnitXMLReporter -->
<testsuite ignored="0" hostname="DESKTOP-T9GRIS5" failures="0" tests="3" name="Submit order Test" time="82.408" errors="0" timestamp="2023-02-10T17:42:34 IST">
  <testcase classname="rahulshettyacademy.seleniumframeworkdesign.SubmitOrderTest" name="submitorder" time="20.553"/>
  <testcase classname="rahulshettyacademy.seleniumframeworkdesign.SubmitOrderTest" name="submitorder" time="21.602"/>
  <testcase classname="rahulshettyacademy.seleniumframeworkdesign.SubmitOrderTest" name="ordersVerification" time="3.169"/>
</testsuite> <!-- Submit order Test -->
