<?xml version="1.0" encoding="UTF-8"?>
<testsuite xmlns:xsi="http://www.w3.org/2001/XMLSchema-instance" xsi:noNamespaceSchemaLocation="https://maven.apache.org/surefire/maven-surefire-plugin/xsd/surefire-test-report-3.0.xsd" version="3.0" name="TestSuite" time="128.108" tests="5" errors="0" skipped="0" failures="0">
  <properties>
[...]
</properties>
  <testcase name="incorrectCredentials[asx123@gmail.com, asx@123](1)" classname="rahulshettyacademy.seleniumframeworkdesign.ErrorValidationTest" time="1.876">
    <system-out><![CDATA[[&amp#27;[1;31mERROR&amp#27;[0;39m] Error HTTP 404 executing https://chromedriver.storage.googleapis.com/LATEST_RELEASE_115
[&amp#27;[1;33mWARN&amp#27;[0;39m] Exception reading https://chromedriver.storage.googleapis.com/LATEST_RELEASE_115 to get latest version of chromedriver (Error HTTP 404 executing https://chromedriver.storage.googleapis.com/LATEST_RELEASE_115)
[&amp#27;[1;34mINFO&amp#27;[0;39m] Exporting webdriver.chrome.driver as C:\Users\Admin\.cache\selenium\chromedriver\win32\114.0.5735.90\chromedriver.exe
]]></system-out>
    <system-err><![CDATA[Starting ChromeDriver 114.0.5735.90 (386bc09e8f4f2e025eddae123f36f6263096ae49-refs/branch-heads/5735@{#1052}) on port 21255
Only local connections are allowed.
Please see https://chromedriver.chromium.org/security-considerations for suggestions on keeping ChromeDriver safe.
ChromeDriver was started successfully.
[1691326293.839][WARNING]: This version of ChromeDriver has not been tested with Chrome version 115.
Aug 06, 2023 6:21:34 PM org.openqa.selenium.devtools.CdpVersionFinder findNearestMatch
WARNING: Unable to find CDP implementation matching 115
Aug 06, 2023 6:21:34 PM org.openqa.selenium.chromium.ChromiumDriver lambda$new$3
WARNING: Unable to find version of CDP to use for . You may need to include a dependency on a specific version of the CDP using something similar to `org.seleniumhq.selenium:selenium-devtools-v86:4.7.2` where the version ("v86") matches the version of the chromium-based browser you're using and the version number of the artifact is the same as Selenium's.
]]></system-err>
  </testcase>
  <testcase name="cartValidation[qazplm@gmail.com, Qazplm@890, ZARA COAT 3](1)" classname="rahulshettyacademy.seleniumframeworkdesign.SubmitOrderTest" time="14.123">
    <system-out><![CDATA[[&amp#27;[1;31mERROR&amp#27;[0;39m] Error HTTP 404 executing https://chromedriver.storage.googleapis.com/LATEST_RELEASE_115
[&amp#27;[1;33mWARN&amp#27;[0;39m] Exception reading https://chromedriver.storage.googleapis.com/LATEST_RELEASE_115 to get latest version of chromedriver (Error HTTP 404 executing https://chromedriver.storage.googleapis.com/LATEST_RELEASE_115)
[&amp#27;[1;34mINFO&amp#27;[0;39m] Exporting webdriver.chrome.driver as C:\Users\Admin\.cache\selenium\chromedriver\win32\114.0.5735.90\chromedriver.exe
]]></system-out>
    <system-err><![CDATA[Starting ChromeDriver 114.0.5735.90 (386bc09e8f4f2e025eddae123f36f6263096ae49-refs/branch-heads/5735@{#1052}) on port 13233
Only local connections are allowed.
Please see https://chromedriver.chromium.org/security-considerations for suggestions on keeping ChromeDriver safe.
ChromeDriver was started successfully.
[1691326306.398][WARNING]: This version of ChromeDriver has not been tested with Chrome version 115.
Aug 06, 2023 6:21:47 PM org.openqa.selenium.devtools.CdpVersionFinder findNearestMatch
WARNING: Unable to find CDP implementation matching 115
Aug 06, 2023 6:21:47 PM org.openqa.selenium.chromium.ChromiumDriver lambda$new$3
WARNING: Unable to find version of CDP to use for . You may need to include a dependency on a specific version of the CDP using something similar to `org.seleniumhq.selenium:selenium-devtools-v86:4.7.2` where the version ("v86") matches the version of the chromium-based browser you're using and the version number of the artifact is the same as Selenium's.
]]></system-err>
  </testcase>
  <testcase name="cartValidation[abcxyz92@gmail.com, Abcxyz@123, ADIDAS ORIGINAL](2)" classname="rahulshettyacademy.seleniumframeworkdesign.SubmitOrderTest" time="13.859">
    <system-out><![CDATA[[&amp#27;[1;31mERROR&amp#27;[0;39m] Error HTTP 404 executing https://chromedriver.storage.googleapis.com/LATEST_RELEASE_115
[&amp#27;[1;33mWARN&amp#27;[0;39m] Exception reading https://chromedriver.storage.googleapis.com/LATEST_RELEASE_115 to get latest version of chromedriver (Error HTTP 404 executing https://chromedriver.storage.googleapis.com/LATEST_RELEASE_115)
[&amp#27;[1;34mINFO&amp#27;[0;39m] Exporting webdriver.chrome.driver as C:\Users\Admin\.cache\selenium\chromedriver\win32\114.0.5735.90\chromedriver.exe
]]></system-out>
    <system-err><![CDATA[Starting ChromeDriver 114.0.5735.90 (386bc09e8f4f2e025eddae123f36f6263096ae49-refs/branch-heads/5735@{#1052}) on port 18161
Only local connections are allowed.
Please see https://chromedriver.chromium.org/security-considerations for suggestions on keeping ChromeDriver safe.
ChromeDriver was started successfully.
[1691326328.983][WARNING]: This version of ChromeDriver has not been tested with Chrome version 115.
Aug 06, 2023 6:22:09 PM org.openqa.selenium.devtools.CdpVersionFinder findNearestMatch
WARNING: Unable to find CDP implementation matching 115
Aug 06, 2023 6:22:09 PM org.openqa.selenium.chromium.ChromiumDriver lambda$new$3
WARNING: Unable to find version of CDP to use for . You may need to include a dependency on a specific version of the CDP using something similar to `org.seleniumhq.selenium:selenium-devtools-v86:4.7.2` where the version ("v86") matches the version of the chromium-based browser you're using and the version number of the artifact is the same as Selenium's.
]]></system-err>
  </testcase>
  <testcase name="submitorder[qazplm@gmail.com, Qazplm@890, ZARA COAT 3](1)" classname="rahulshettyacademy.seleniumframeworkdesign.SubmitOrderTest" time="19.175">
    <system-out><![CDATA[[&amp#27;[1;31mERROR&amp#27;[0;39m] Error HTTP 404 executing https://chromedriver.storage.googleapis.com/LATEST_RELEASE_115
[&amp#27;[1;33mWARN&amp#27;[0;39m] Exception reading https://chromedriver.storage.googleapis.com/LATEST_RELEASE_115 to get latest version of chromedriver (Error HTTP 404 executing https://chromedriver.storage.googleapis.com/LATEST_RELEASE_115)
[&amp#27;[1;34mINFO&amp#27;[0;39m] Exporting webdriver.chrome.driver as C:\Users\Admin\.cache\selenium\chromedriver\win32\114.0.5735.90\chromedriver.exe
| 64cf97a67244490f959854af |
]]></system-out>
    <system-err><![CDATA[Starting ChromeDriver 114.0.5735.90 (386bc09e8f4f2e025eddae123f36f6263096ae49-refs/branch-heads/5735@{#1052}) on port 30205
Only local connections are allowed.
Please see https://chromedriver.chromium.org/security-considerations for suggestions on keeping ChromeDriver safe.
ChromeDriver was started successfully.
[1691326351.870][WARNING]: This version of ChromeDriver has not been tested with Chrome version 115.
Aug 06, 2023 6:22:32 PM org.openqa.selenium.devtools.CdpVersionFinder findNearestMatch
WARNING: Unable to find CDP implementation matching 115
Aug 06, 2023 6:22:32 PM org.openqa.selenium.chromium.ChromiumDriver lambda$new$3
WARNING: Unable to find version of CDP to use for . You may need to include a dependency on a specific version of the CDP using something similar to `org.seleniumhq.selenium:selenium-devtools-v86:4.7.2` where the version ("v86") matches the version of the chromium-based browser you're using and the version number of the artifact is the same as Selenium's.
]]></system-err>
  </testcase>
  <testcase name="submitorder[abcxyz92@gmail.com, Abcxyz@123, ADIDAS ORIGINAL](2)" classname="rahulshettyacademy.seleniumframeworkdesign.SubmitOrderTest" time="18.958">
    <system-out><![CDATA[[&amp#27;[1;31mERROR&amp#27;[0;39m] Error HTTP 404 executing https://chromedriver.storage.googleapis.com/LATEST_RELEASE_115
[&amp#27;[1;33mWARN&amp#27;[0;39m] Exception reading https://chromedriver.storage.googleapis.com/LATEST_RELEASE_115 to get latest version of chromedriver (Error HTTP 404 executing https://chromedriver.storage.googleapis.com/LATEST_RELEASE_115)
[&amp#27;[1;34mINFO&amp#27;[0;39m] Exporting webdriver.chrome.driver as C:\Users\Admin\.cache\selenium\chromedriver\win32\114.0.5735.90\chromedriver.exe
| 64cf97c17244490f959854cf |
]]></system-out>
    <system-err><![CDATA[Starting ChromeDriver 114.0.5735.90 (386bc09e8f4f2e025eddae123f36f6263096ae49-refs/branch-heads/5735@{#1052}) on port 48384
Only local connections are allowed.
Please see https://chromedriver.chromium.org/security-considerations for suggestions on keeping ChromeDriver safe.
ChromeDriver was started successfully.
[1691326377.645][WARNING]: This version of ChromeDriver has not been tested with Chrome version 115.
Aug 06, 2023 6:22:58 PM org.openqa.selenium.devtools.CdpVersionFinder findNearestMatch
WARNING: Unable to find CDP implementation matching 115
Aug 06, 2023 6:22:58 PM org.openqa.selenium.chromium.ChromiumDriver lambda$new$3
WARNING: Unable to find version of CDP to use for . You may need to include a dependency on a specific version of the CDP using something similar to `org.seleniumhq.selenium:selenium-devtools-v86:4.7.2` where the version ("v86") matches the version of the chromium-based browser you're using and the version number of the artifact is the same as Selenium's.
]]></system-err>
  </testcase>
</testsuite>