<?xml version="1.0" encoding="UTF-8"?>
<testng-results ignored="1" total="6" passed="5" failed="0" skipped="0">
  <reporter-output>
  </reporter-output>
  <suite started-at="2023-08-06T18:21:19 IST" name="Suite" finished-at="2023-08-06T18:23:21 IST" duration-ms="121671">
    <groups>
      <group name="purchaseOrder">
        <method signature="SubmitOrderTest.submitorder(java.lang.String,java.lang.String,java.lang.String)[pri:0, instance:rahulshettyacademy.seleniumframeworkdesign.SubmitOrderTest@50b8ae8d]" name="submitorder" class="rahulshettyacademy.seleniumframeworkdesign.SubmitOrderTest"/>
      </group> <!-- purchaseOrder -->
      <group name="errorHandling">
        <method signature="ErrorValidationTest.incorrectCredentials(java.lang.String,java.lang.String)[pri:0, instance:rahulshettyacademy.seleniumframeworkdesign.ErrorValidationTest@2c444798]" name="incorrectCredentials" class="rahulshettyacademy.seleniumframeworkdesign.ErrorValidationTest"/>
      </group> <!-- errorHandling -->
    </groups>
    <test started-at="2023-08-06T18:21:19 IST" name="Error validation Test" finished-at="2023-08-06T18:23:21 IST" duration-ms="121671">
      <class name="rahulshettyacademy.seleniumframeworkdesign.ErrorValidationTest">
        <test-method is-config="true" signature="launchApp()[pri:0, instance:rahulshettyacademy.seleniumframeworkdesign.ErrorValidationTest@2c444798]" started-at="2023-08-06T18:21:22 IST" name="launchApp" finished-at="2023-08-06T18:21:38 IST" duration-ms="15803" status="PASS">
          <reporter-output>
          </reporter-output>
        </test-method> <!-- launchApp -->
        <test-method signature="incorrectCredentials(java.lang.String,java.lang.String)[pri:0, instance:rahulshettyacademy.seleniumframeworkdesign.ErrorValidationTest@2c444798]" started-at="2023-08-06T18:21:38 IST" name="incorrectCredentials" data-provider="ErrorData" finished-at="2023-08-06T18:21:40 IST" duration-ms="1773" status="PASS">
          <params>
            <param index="0">
              <value>
                <![CDATA[asx123@gmail.com]]>
              </value>
            </param>
            <param index="1">
              <value>
                <![CDATA[asx@123]]>
              </value>
            </param>
          </params>
          <reporter-output>
          </reporter-output>
        </test-method> <!-- incorrectCredentials -->
        <test-method is-config="true" signature="tearDown()[pri:0, instance:rahulshettyacademy.seleniumframeworkdesign.ErrorValidationTest@2c444798]" started-at="2023-08-06T18:21:40 IST" name="tearDown" finished-at="2023-08-06T18:21:40 IST" duration-ms="159" status="PASS">
          <reporter-output>
          </reporter-output>
        </test-method> <!-- tearDown -->
        <test-method is-config="true" signature="copyScreenshotsIntoWord()[pri:0, instance:rahulshettyacademy.seleniumframeworkdesign.ErrorValidationTest@2c444798]" started-at="2023-08-06T18:23:22 IST" name="copyScreenshotsIntoWord" finished-at="2023-08-06T18:23:23 IST" duration-ms="1570" status="PASS">
          <reporter-output>
          </reporter-output>
        </test-method> <!-- copyScreenshotsIntoWord -->
      </class> <!-- rahulshettyacademy.seleniumframeworkdesign.ErrorValidationTest -->
      <class name="rahulshettyacademy.seleniumframeworkdesign.SubmitOrderTest">
        <test-method is-config="true" signature="launchApp()[pri:0, instance:rahulshettyacademy.seleniumframeworkdesign.SubmitOrderTest@50b8ae8d]" started-at="2023-08-06T18:21:40 IST" name="launchApp" finished-at="2023-08-06T18:21:50 IST" duration-ms="9373" status="PASS">
          <reporter-output>
          </reporter-output>
        </test-method> <!-- launchApp -->
        <test-method signature="cartValidation(java.lang.String,java.lang.String,java.lang.String)[pri:0, instance:rahulshettyacademy.seleniumframeworkdesign.SubmitOrderTest@50b8ae8d]" started-at="2023-08-06T18:21:50 IST" name="cartValidation" data-provider="CartData" finished-at="2023-08-06T18:22:04 IST" duration-ms="14004" status="PASS">
          <params>
            <param index="0">
              <value>
                <![CDATA[qazplm@gmail.com]]>
              </value>
            </param>
            <param index="1">
              <value>
                <![CDATA[Qazplm@890]]>
              </value>
            </param>
            <param index="2">
              <value>
                <![CDATA[ZARA COAT 3]]>
              </value>
            </param>
          </params>
          <reporter-output>
          </reporter-output>
        </test-method> <!-- cartValidation -->
        <test-method is-config="true" signature="tearDown()[pri:0, instance:rahulshettyacademy.seleniumframeworkdesign.SubmitOrderTest@50b8ae8d]" started-at="2023-08-06T18:22:04 IST" name="tearDown" finished-at="2023-08-06T18:22:04 IST" duration-ms="265" status="PASS">
          <reporter-output>
          </reporter-output>
        </test-method> <!-- tearDown -->
        <test-method is-config="true" signature="launchApp()[pri:0, instance:rahulshettyacademy.seleniumframeworkdesign.SubmitOrderTest@50b8ae8d]" started-at="2023-08-06T18:22:04 IST" name="launchApp" finished-at="2023-08-06T18:22:12 IST" duration-ms="7630" status="PASS">
          <reporter-output>
          </reporter-output>
        </test-method> <!-- launchApp -->
        <test-method signature="cartValidation(java.lang.String,java.lang.String,java.lang.String)[pri:0, instance:rahulshettyacademy.seleniumframeworkdesign.SubmitOrderTest@50b8ae8d]" started-at="2023-08-06T18:22:12 IST" name="cartValidation" data-provider="CartData" finished-at="2023-08-06T18:22:25 IST" duration-ms="13824" status="PASS">
          <params>
            <param index="0">
              <value>
                <![CDATA[abcxyz92@gmail.com]]>
              </value>
            </param>
            <param index="1">
              <value>
                <![CDATA[Abcxyz@123]]>
              </value>
            </param>
            <param index="2">
              <value>
                <![CDATA[ADIDAS ORIGINAL]]>
              </value>
            </param>
          </params>
          <reporter-output>
          </reporter-output>
        </test-method> <!-- cartValidation -->
        <test-method is-config="true" signature="tearDown()[pri:0, instance:rahulshettyacademy.seleniumframeworkdesign.SubmitOrderTest@50b8ae8d]" started-at="2023-08-06T18:22:25 IST" name="tearDown" finished-at="2023-08-06T18:22:26 IST" duration-ms="282" status="PASS">
          <reporter-output>
          </reporter-output>
        </test-method> <!-- tearDown -->
        <test-method is-config="true" signature="launchApp()[pri:0, instance:rahulshettyacademy.seleniumframeworkdesign.SubmitOrderTest@50b8ae8d]" started-at="2023-08-06T18:22:26 IST" name="launchApp" finished-at="2023-08-06T18:22:34 IST" duration-ms="8554" status="PASS">
          <reporter-output>
          </reporter-output>
        </test-method> <!-- launchApp -->
        <test-method signature="submitorder(java.lang.String,java.lang.String,java.lang.String)[pri:0, instance:rahulshettyacademy.seleniumframeworkdesign.SubmitOrderTest@50b8ae8d]" started-at="2023-08-06T18:22:34 IST" name="submitorder" data-provider="PurchaseData" finished-at="2023-08-06T18:22:54 IST" duration-ms="19108" status="PASS">
          <params>
            <param index="0">
              <value>
                <![CDATA[qazplm@gmail.com]]>
              </value>
            </param>
            <param index="1">
              <value>
                <![CDATA[Qazplm@890]]>
              </value>
            </param>
            <param index="2">
              <value>
                <![CDATA[ZARA COAT 3]]>
              </value>
            </param>
          </params>
          <reporter-output>
          </reporter-output>
        </test-method> <!-- submitorder -->
        <test-method is-config="true" signature="tearDown()[pri:0, instance:rahulshettyacademy.seleniumframeworkdesign.SubmitOrderTest@50b8ae8d]" started-at="2023-08-06T18:22:54 IST" name="tearDown" finished-at="2023-08-06T18:22:54 IST" duration-ms="438" status="PASS">
          <reporter-output>
          </reporter-output>
        </test-method> <!-- tearDown -->
        <test-method is-config="true" signature="launchApp()[pri:0, instance:rahulshettyacademy.seleniumframeworkdesign.SubmitOrderTest@50b8ae8d]" started-at="2023-08-06T18:22:54 IST" name="launchApp" finished-at="2023-08-06T18:23:01 IST" duration-ms="6617" status="PASS">
          <reporter-output>
          </reporter-output>
        </test-method> <!-- launchApp -->
        <test-method signature="submitorder(java.lang.String,java.lang.String,java.lang.String)[pri:0, instance:rahulshettyacademy.seleniumframeworkdesign.SubmitOrderTest@50b8ae8d]" started-at="2023-08-06T18:23:01 IST" name="submitorder" data-provider="PurchaseData" finished-at="2023-08-06T18:23:20 IST" duration-ms="18900" status="PASS">
          <params>
            <param index="0">
              <value>
                <![CDATA[abcxyz92@gmail.com]]>
              </value>
            </param>
            <param index="1">
              <value>
                <![CDATA[Abcxyz@123]]>
              </value>
            </param>
            <param index="2">
              <value>
                <![CDATA[ADIDAS ORIGINAL]]>
              </value>
            </param>
          </params>
          <reporter-output>
          </reporter-output>
        </test-method> <!-- submitorder -->
        <test-method is-config="true" signature="tearDown()[pri:0, instance:rahulshettyacademy.seleniumframeworkdesign.SubmitOrderTest@50b8ae8d]" started-at="2023-08-06T18:23:20 IST" name="tearDown" finished-at="2023-08-06T18:23:21 IST" duration-ms="950" status="PASS">
          <reporter-output>
          </reporter-output>
        </test-method> <!-- tearDown -->
      </class> <!-- rahulshettyacademy.seleniumframeworkdesign.SubmitOrderTest -->
    </test> <!-- Error validation Test -->
  </suite> <!-- Suite -->
</testng-results>
