<?xml version="1.0" encoding="UTF-8"?>
<testsuite xmlns:xsi="http://www.w3.org/2001/XMLSchema-instance" xsi:noNamespaceSchemaLocation="https://maven.apache.org/surefire/maven-surefire-plugin/xsd/surefire-test-report-3.0.xsd" version="3.0" name="TestSuite" time="372.434" tests="5" errors="0" skipped="0" failures="0">
  <properties>
[...]
</properties>
  <testcase name="runScenario[&quot;Verify error message is displayed when more than 9 passengers are selected&quot;, &quot;Optional[Error messages during flight search]&quot;](1)" classname="cucumberOptions.TestNGTestRunner" time="73.583">
    <system-out><![CDATA[08-06-2023 17:55:00 InternalLoggerFactory.java DEBUG [TestNG-PoolService-0] logging.InternalLoggerFactory 89 - Using Log4J as the default logging framework
08-06-2023 17:55:00 ResourceLeakDetector.java DEBUG [TestNG-PoolService-0] util.ResourceLeakDetector 129 - -Dio.netty.leakDetection.level: simple
08-06-2023 17:55:00 ResourceLeakDetector.java DEBUG [TestNG-PoolService-0] util.ResourceLeakDetector 130 - -Dio.netty.leakDetection.targetRecords: 4
08-06-2023 17:55:00 ResourceLeakDetectorFactory.java DEBUG [TestNG-PoolService-0] util.ResourceLeakDetectorFactory 196 - Loaded default ResourceLeakDetector: io.netty.util.ResourceLeakDetector@4fa62e8e
08-06-2023 17:55:01 PlatformDependent0.java DEBUG [TestNG-PoolService-0] internal.PlatformDependent0 496 - -Dio.netty.noUnsafe: false
08-06-2023 17:55:01 PlatformDependent0.java DEBUG [TestNG-PoolService-0] internal.PlatformDependent0 1000 - Java version: 11
08-06-2023 17:55:01 PlatformDependent0.java DEBUG [TestNG-PoolService-0] internal.PlatformDependent0 137 - sun.misc.Unsafe.theUnsafe: available
08-06-2023 17:55:01 PlatformDependent0.java DEBUG [TestNG-PoolService-0] internal.PlatformDependent0 161 - sun.misc.Unsafe.copyMemory: available
08-06-2023 17:55:01 PlatformDependent0.java DEBUG [TestNG-PoolService-0] internal.PlatformDependent0 193 - sun.misc.Unsafe.storeFence: available
08-06-2023 17:55:01 PlatformDependent0.java DEBUG [TestNG-PoolService-0] internal.PlatformDependent0 236 - java.nio.Buffer.address: available
08-06-2023 17:55:01 PlatformDependent0.java DEBUG [TestNG-PoolService-0] internal.PlatformDependent0 320 - direct buffer constructor: unavailable: Reflective setAccessible(true) disabled
08-06-2023 17:55:01 PlatformDependent0.java DEBUG [TestNG-PoolService-0] internal.PlatformDependent0 385 - java.nio.Bits.unaligned: available, true
08-06-2023 17:55:01 PlatformDependent0.java DEBUG [TestNG-PoolService-0] internal.PlatformDependent0 452 - jdk.internal.misc.Unsafe.allocateUninitializedArray(int): unavailable: class io.netty.util.internal.PlatformDependent0$7 cannot access class jdk.internal.misc.Unsafe (in module java.base) because module java.base does not export jdk.internal.misc to unnamed module @333dd51e
08-06-2023 17:55:01 PlatformDependent0.java DEBUG [TestNG-PoolService-0] internal.PlatformDependent0 482 - java.nio.DirectByteBuffer.<init>(long, int): unavailable
08-06-2023 17:55:01 PlatformDependent.java DEBUG [TestNG-PoolService-0] internal.PlatformDependent 1159 - sun.misc.Unsafe: available
08-06-2023 17:55:01 PlatformDependent.java DEBUG [TestNG-PoolService-0] internal.PlatformDependent 1270 - maxDirectMemory: 1023410176 bytes (maybe)
08-06-2023 17:55:01 PlatformDependent.java DEBUG [TestNG-PoolService-0] internal.PlatformDependent 1289 - -Dio.netty.tmpdir: C:\Users\Admin\AppData\Local\Temp (java.io.tmpdir)
08-06-2023 17:55:01 PlatformDependent.java DEBUG [TestNG-PoolService-0] internal.PlatformDependent 1368 - -Dio.netty.bitMode: 64 (sun.arch.data.model)
08-06-2023 17:55:01 PlatformDependent.java DEBUG [TestNG-PoolService-0] internal.PlatformDependent 1119 - Platform: Windows
08-06-2023 17:55:01 PlatformDependent.java DEBUG [TestNG-PoolService-0] internal.PlatformDependent 178 - -Dio.netty.maxDirectMemory: -1 bytes
08-06-2023 17:55:01 PlatformDependent.java DEBUG [TestNG-PoolService-0] internal.PlatformDependent 185 - -Dio.netty.uninitializedArrayAllocationThreshold: -1
08-06-2023 17:55:01 CleanerJava9.java DEBUG [TestNG-PoolService-0] internal.CleanerJava9 71 - java.nio.ByteBuffer.cleaner(): available
08-06-2023 17:55:01 PlatformDependent.java DEBUG [TestNG-PoolService-0] internal.PlatformDependent 205 - -Dio.netty.noPreferDirect: false
08-06-2023 17:55:01 PlatformDependent.java DEBUG [TestNG-PoolService-0] internal.PlatformDependent 1010 - org.jctools-core.MpscChunkedArrayQueue: available
08-06-2023 17:55:01 InternalThreadLocalMap.java DEBUG [TestNG-PoolService-0] internal.InternalThreadLocalMap 100 - -Dio.netty.threadLocalMap.stringBuilder.initialSize: 1024
08-06-2023 17:55:01 InternalThreadLocalMap.java DEBUG [TestNG-PoolService-0] internal.InternalThreadLocalMap 101 - -Dio.netty.threadLocalMap.stringBuilder.maxSize: 4096
08-06-2023 17:55:01 JdkSslContext.java DEBUG [TestNG-PoolService-0] ssl.JdkSslContext 83 - Default protocols (JDK): [TLSv1.3, TLSv1.2] 
08-06-2023 17:55:01 JdkSslContext.java DEBUG [TestNG-PoolService-0] ssl.JdkSslContext 84 - Default cipher suites (JDK): [TLS_ECDHE_ECDSA_WITH_AES_256_GCM_SHA384, TLS_ECDHE_ECDSA_WITH_AES_128_GCM_SHA256, TLS_ECDHE_RSA_WITH_AES_128_GCM_SHA256, TLS_ECDHE_RSA_WITH_AES_256_GCM_SHA384, TLS_ECDHE_RSA_WITH_AES_128_CBC_SHA, TLS_ECDHE_RSA_WITH_AES_256_CBC_SHA, TLS_RSA_WITH_AES_128_GCM_SHA256, TLS_RSA_WITH_AES_128_CBC_SHA, TLS_RSA_WITH_AES_256_CBC_SHA, TLS_AES_128_GCM_SHA256, TLS_AES_256_GCM_SHA384]
08-06-2023 17:55:01 GlobalEventExecutor.java DEBUG [TestNG-PoolService-0] concurrent.GlobalEventExecutor 53 - -Dio.netty.globalEventExecutor.quietPeriodSeconds: 1
08-06-2023 17:55:01 MultithreadEventLoopGroup.java DEBUG [TestNG-PoolService-0] channel.MultithreadEventLoopGroup 44 - -Dio.netty.eventLoopThreads: 8
08-06-2023 17:55:01 NioEventLoop.java DEBUG [TestNG-PoolService-0] nio.NioEventLoop 110 - -Dio.netty.noKeySetOptimization: false
08-06-2023 17:55:01 NioEventLoop.java DEBUG [TestNG-PoolService-0] nio.NioEventLoop 111 - -Dio.netty.selectorAutoRebuildThreshold: 512
08-06-2023 17:55:01 PooledByteBufAllocator.java DEBUG [TestNG-PoolService-0] buffer.PooledByteBufAllocator 157 - -Dio.netty.allocator.numHeapArenas: 8
08-06-2023 17:55:01 PooledByteBufAllocator.java DEBUG [TestNG-PoolService-0] buffer.PooledByteBufAllocator 158 - -Dio.netty.allocator.numDirectArenas: 8
08-06-2023 17:55:01 PooledByteBufAllocator.java DEBUG [TestNG-PoolService-0] buffer.PooledByteBufAllocator 160 - -Dio.netty.allocator.pageSize: 8192
08-06-2023 17:55:01 PooledByteBufAllocator.java DEBUG [TestNG-PoolService-0] buffer.PooledByteBufAllocator 165 - -Dio.netty.allocator.maxOrder: 9
08-06-2023 17:55:01 PooledByteBufAllocator.java DEBUG [TestNG-PoolService-0] buffer.PooledByteBufAllocator 169 - -Dio.netty.allocator.chunkSize: 4194304
08-06-2023 17:55:01 PooledByteBufAllocator.java DEBUG [TestNG-PoolService-0] buffer.PooledByteBufAllocator 170 - -Dio.netty.allocator.smallCacheSize: 256
08-06-2023 17:55:01 PooledByteBufAllocator.java DEBUG [TestNG-PoolService-0] buffer.PooledByteBufAllocator 171 - -Dio.netty.allocator.normalCacheSize: 64
08-06-2023 17:55:01 PooledByteBufAllocator.java DEBUG [TestNG-PoolService-0] buffer.PooledByteBufAllocator 172 - -Dio.netty.allocator.maxCachedBufferCapacity: 32768
08-06-2023 17:55:01 PooledByteBufAllocator.java DEBUG [TestNG-PoolService-0] buffer.PooledByteBufAllocator 173 - -Dio.netty.allocator.cacheTrimInterval: 8192
08-06-2023 17:55:01 PooledByteBufAllocator.java DEBUG [TestNG-PoolService-0] buffer.PooledByteBufAllocator 174 - -Dio.netty.allocator.cacheTrimIntervalMillis: 0
08-06-2023 17:55:01 PooledByteBufAllocator.java DEBUG [TestNG-PoolService-0] buffer.PooledByteBufAllocator 175 - -Dio.netty.allocator.useCacheForAllThreads: false
08-06-2023 17:55:01 PooledByteBufAllocator.java DEBUG [TestNG-PoolService-0] buffer.PooledByteBufAllocator 176 - -Dio.netty.allocator.maxCachedByteBuffersPerChunk: 1023
08-06-2023 17:55:01 ByteBufUtil.java DEBUG [TestNG-PoolService-0] buffer.ByteBufUtil 88 - -Dio.netty.allocator.type: pooled
08-06-2023 17:55:01 ByteBufUtil.java DEBUG [TestNG-PoolService-0] buffer.ByteBufUtil 97 - -Dio.netty.threadLocalDirectBufferSize: 0
08-06-2023 17:55:01 ByteBufUtil.java DEBUG [TestNG-PoolService-0] buffer.ByteBufUtil 100 - -Dio.netty.maxThreadLocalCharBufferSize: 16384
08-06-2023 17:55:02 DefaultChannelId.java DEBUG [Forwarding newSession on session null to remote] channel.DefaultChannelId 79 - -Dio.netty.processId: 31008 (auto-detected)
08-06-2023 17:55:02 NetUtil.java DEBUG [Forwarding newSession on session null to remote] util.NetUtil 148 - -Djava.net.preferIPv4Stack: false
08-06-2023 17:55:02 NetUtil.java DEBUG [Forwarding newSession on session null to remote] util.NetUtil 149 - -Djava.net.preferIPv6Addresses: false
08-06-2023 17:55:03 NetUtilInitializations.java DEBUG [Forwarding newSession on session null to remote] util.NetUtilInitializations 145 - Loopback interface: lo (Software Loopback Interface 1, 127.0.0.1)
08-06-2023 17:55:03 NetUtil.java DEBUG [Forwarding newSession on session null to remote] util.NetUtil 206 - Failed to get SOMAXCONN from sysctl and file \proc\sys\net\core\somaxconn. Default: 200
08-06-2023 17:55:03 DefaultChannelId.java DEBUG [Forwarding newSession on session null to remote] channel.DefaultChannelId 101 - -Dio.netty.machineId: 74:40:bb:ff:fe:e5:ca:43 (auto-detected)
08-06-2023 17:55:03 AbstractByteBuf.java DEBUG [AsyncHttpClient-1-2] buffer.AbstractByteBuf 63 - -Dio.netty.buffer.checkAccessible: true
08-06-2023 17:55:03 AbstractByteBuf.java DEBUG [AsyncHttpClient-1-2] buffer.AbstractByteBuf 64 - -Dio.netty.buffer.checkBounds: true
08-06-2023 17:55:03 ResourceLeakDetectorFactory.java DEBUG [AsyncHttpClient-1-2] util.ResourceLeakDetectorFactory 196 - Loaded default ResourceLeakDetector: io.netty.util.ResourceLeakDetector@6abfcb06
08-06-2023 17:55:03 Recycler.java DEBUG [AsyncHttpClient-1-2] util.Recycler 96 - -Dio.netty.recycler.maxCapacityPerThread: 4096
08-06-2023 17:55:03 Recycler.java DEBUG [AsyncHttpClient-1-2] util.Recycler 97 - -Dio.netty.recycler.ratio: 8
08-06-2023 17:55:03 Recycler.java DEBUG [AsyncHttpClient-1-2] util.Recycler 98 - -Dio.netty.recycler.chunkSize: 32
08-06-2023 17:55:03 Recycler.java DEBUG [AsyncHttpClient-1-2] util.Recycler 99 - -Dio.netty.recycler.blocking: false
08-06-2023 17:55:03 Recycler.java DEBUG [AsyncHttpClient-1-2] util.Recycler 100 - -Dio.netty.recycler.batchFastThreadLocalOnly: true
08-06-2023 17:55:06 Brotli.java DEBUG [AsyncHttpClient-1-2] compression.Brotli 38 - brotli4j not in the classpath; Brotli support will be unavailable.
08-06-2023 17:55:06 ThreadLocalRandom.java DEBUG [TestNG-PoolService-0] internal.ThreadLocalRandom 214 - -Dio.netty.initialSeedUniquifier: 0xae53bb61554006eb
08-06-2023 17:55:14 GenericUtils.java INFO  [TestNG-PoolService-0] lang.String 37 - multicity booking strategy is set
I am in multitrip
08-06-2023 17:55:22 GenericUtils.java INFO  [TestNG-PoolService-0] lang.String 37 - flight option is selected
net::ERR_ABORTED
181144.50225
net::ERR_ABORTED
181145.177645
net::ERR_ABORTED
181145.249432
net::ERR_ABORTED
181145.330274
net::ERR_ABORTED
181145.400174
net::ERR_ABORTED
181145.478618
08-06-2023 17:55:34 GenericUtils.java INFO  [TestNG-PoolService-0] lang.String 37 - Origin and Destination is selected
08-06-2023 17:55:40 GenericUtils.java INFO  [TestNG-PoolService-0] lang.String 37 - Clicked on depart date
08-06-2023 17:55:43 GenericUtils.java INFO  [TestNG-PoolService-0] lang.String 37 - journey date is selected
08-06-2023 17:56:09 GenericUtils.java INFO  [TestNG-PoolService-0] lang.String 37 - Passengers are added with more than allowed capacity
08-06-2023 17:56:09 GenericUtils.java INFO  [TestNG-PoolService-0] lang.String 37 - Error message is displyed
You are allowed a maximum of 9 passengers per booking online. If your party is larger than this, please call our reservation center.
]]></system-out>
    <system-err><![CDATA[log4j:ERROR Could not find value for key log4j.appender.info
log4j:ERROR Could not instantiate appender named "info".
log4j:WARN Failed to set property [append] to value "false;". 
SLF4J: No SLF4J providers were found.
SLF4J: Defaulting to no-operation (NOP) logger implementation
SLF4J: See https://www.slf4j.org/codes.html#noProviders for further details.
Aug 06, 2023 5:55:00 PM org.openqa.selenium.remote.service.DriverService$Builder getLogOutput
INFO: Driver logs no longer sent to console by default; https://www.selenium.dev/documentation/webdriver/drivers/service/#setting-log-output
Aug 06, 2023 5:55:06 PM org.openqa.selenium.devtools.CdpVersionFinder findNearestMatch
WARNING: Unable to find an exact match for CDP version 115, so returning the closest version found: 114
]]></system-err>
  </testcase>
  <testcase name="runScenario[&quot;Book holiday packages in destination city&quot;, &quot;Optional[Book holiday package]&quot;](2)" classname="cucumberOptions.TestNGTestRunner" time="51.986">
    <system-out><![CDATA[08-06-2023 17:56:25 GenericUtils.java INFO  [TestNG-PoolService-0] lang.String 37 - Click on holiday package
08-06-2023 17:56:32 GenericUtils.java INFO  [TestNG-PoolService-0] lang.String 37 - Destination is selected
08-06-2023 17:56:48 GenericUtils.java INFO  [TestNG-PoolService-0] lang.String 37 - departure and arrival city is seleted
08-06-2023 17:56:54 GenericUtils.java INFO  [TestNG-PoolService-0] lang.String 37 - departure date is selected
08-06-2023 17:57:00 GenericUtils.java INFO  [TestNG-PoolService-0] lang.String 37 - clicked on search button
]]></system-out>
    <system-err><![CDATA[Aug 06, 2023 5:56:12 PM org.openqa.selenium.remote.service.DriverService$Builder getLogOutput
INFO: Driver logs no longer sent to console by default; https://www.selenium.dev/documentation/webdriver/drivers/service/#setting-log-output
Aug 06, 2023 5:56:14 PM org.openqa.selenium.devtools.CdpVersionFinder findNearestMatch
WARNING: Unable to find an exact match for CDP version 115, so returning the closest version found: 114
]]></system-err>
  </testcase>
  <testcase name="runScenario[&quot;Search flight with multicity journeytype option&quot;, &quot;Optional[Search flight]&quot;](3)" classname="cucumberOptions.TestNGTestRunner" time="79.352">
    <system-out><![CDATA[08-06-2023 17:57:12 GenericUtils.java INFO  [TestNG-PoolService-0] lang.String 37 - multicity booking strategy is set
I am in multitrip
08-06-2023 17:57:20 GenericUtils.java INFO  [TestNG-PoolService-0] lang.String 37 - flight option is selected
net::ERR_ABORTED
181262.58531
net::ERR_ABORTED
181263.022772
net::ERR_ABORTED
181263.103906
net::ERR_ABORTED
181263.177291
net::ERR_ABORTED
181263.245578
net::ERR_ABORTED
181263.320356
08-06-2023 17:57:32 GenericUtils.java INFO  [TestNG-PoolService-0] lang.String 37 - Origin and Destination is selected
08-06-2023 17:57:38 GenericUtils.java INFO  [TestNG-PoolService-0] lang.String 37 - Clicked on depart date
08-06-2023 17:57:41 GenericUtils.java INFO  [TestNG-PoolService-0] lang.String 37 - journey date is selected
08-06-2023 17:58:00 GenericUtils.java INFO  [TestNG-PoolService-0] lang.String 37 - Added passengers
08-06-2023 17:58:03 GenericUtils.java INFO  [TestNG-PoolService-0] lang.String 37 - Currency is selected
net::ERR_ABORTED
181309.371971
net::ERR_ABORTED
181309.450001
net::ERR_ABORTED
181309.531446
net::ERR_ABORTED
181310.432159
net::ERR_ABORTED
181310.497058
net::ERR_ABORTED
181311.407853
08-06-2023 17:58:20 GenericUtils.java INFO  [TestNG-PoolService-0] lang.String 37 - Clicked on search button
]]></system-out>
    <system-err><![CDATA[Aug 06, 2023 5:57:04 PM org.openqa.selenium.remote.service.DriverService$Builder getLogOutput
INFO: Driver logs no longer sent to console by default; https://www.selenium.dev/documentation/webdriver/drivers/service/#setting-log-output
Aug 06, 2023 5:57:06 PM org.openqa.selenium.devtools.CdpVersionFinder findNearestMatch
WARNING: Unable to find an exact match for CDP version 115, so returning the closest version found: 114
]]></system-err>
  </testcase>
  <testcase name="runScenario[&quot;Search flight with oneway journeytype option&quot;, &quot;Optional[Search flight]&quot;](4)" classname="cucumberOptions.TestNGTestRunner" time="71.423">
    <system-out><![CDATA[08-06-2023 17:58:31 GenericUtils.java INFO  [TestNG-PoolService-0] lang.String 37 - oneway booking strategy is set
I am in oneway
08-06-2023 17:58:31 GenericUtils.java INFO  [TestNG-PoolService-0] lang.String 37 - flight option is selected
net::ERR_ABORTED
181333.580828
net::ERR_ABORTED
181334.1728
net::ERR_ABORTED
181334.24859
net::ERR_ABORTED
181334.331135
net::ERR_ABORTED
181334.405241
net::ERR_ABORTED
181334.480954
08-06-2023 17:58:43 GenericUtils.java INFO  [TestNG-PoolService-0] lang.String 37 - Origin and Destination is selected
08-06-2023 17:58:46 GenericUtils.java INFO  [TestNG-PoolService-0] lang.String 37 - journey date is selected
08-06-2023 17:59:11 GenericUtils.java INFO  [TestNG-PoolService-0] lang.String 37 - Added passengers
08-06-2023 17:59:15 GenericUtils.java INFO  [TestNG-PoolService-0] lang.String 37 - Currency is selected
net::ERR_ABORTED
181381.270408
net::ERR_ABORTED
181381.349079
net::ERR_ABORTED
181381.430878
net::ERR_ABORTED
181381.502582
net::ERR_ABORTED
181381.579635
net::ERR_ABORTED
181383.523412
08-06-2023 17:59:31 GenericUtils.java INFO  [TestNG-PoolService-0] lang.String 37 - Clicked on search button
]]></system-out>
    <system-err><![CDATA[Aug 06, 2023 5:58:23 PM org.openqa.selenium.remote.service.DriverService$Builder getLogOutput
INFO: Driver logs no longer sent to console by default; https://www.selenium.dev/documentation/webdriver/drivers/service/#setting-log-output
Aug 06, 2023 5:58:25 PM org.openqa.selenium.devtools.CdpVersionFinder findNearestMatch
WARNING: Unable to find an exact match for CDP version 115, so returning the closest version found: 114
]]></system-err>
  </testcase>
  <testcase name="runScenario[&quot;Search flight with roundtrip journeytype option&quot;, &quot;Optional[Search flight]&quot;](5)" classname="cucumberOptions.TestNGTestRunner" time="91.31">
    <system-out><![CDATA[08-06-2023 17:59:42 GenericUtils.java INFO  [TestNG-PoolService-0] lang.String 37 - roundtrip booking strategy is set
I am in roundtrip
08-06-2023 17:59:47 GenericUtils.java INFO  [TestNG-PoolService-0] lang.String 37 - flight option is selected
net::ERR_ABORTED
181410.274402
net::ERR_ABORTED
181410.949825
net::ERR_ABORTED
181411.023144
net::ERR_ABORTED
181411.102368
net::ERR_ABORTED
181411.173325
net::ERR_ABORTED
181411.254061
08-06-2023 18:00:00 GenericUtils.java INFO  [TestNG-PoolService-0] lang.String 37 - Origin and Destination is selected
08-06-2023 18:00:04 GenericUtils.java INFO  [TestNG-PoolService-0] lang.String 37 - journey date is selected
08-06-2023 18:00:09 GenericUtils.java INFO  [TestNG-PoolService-0] lang.String 37 - return date is selected
08-06-2023 18:00:12 GenericUtils.java INFO  [TestNG-PoolService-0] lang.String 37 - return journey date is selected
08-06-2023 18:00:44 GenericUtils.java INFO  [TestNG-PoolService-0] lang.String 37 - Added passengers
08-06-2023 18:00:47 GenericUtils.java INFO  [TestNG-PoolService-0] lang.String 37 - Currency is selected
net::ERR_ABORTED
181472.756041
net::ERR_ABORTED
181472.828238
net::ERR_ABORTED
181472.902822
net::ERR_ABORTED
181472.977586
net::ERR_ABORTED
181473.052785
net::ERR_ABORTED
181474.852207
08-06-2023 18:01:02 GenericUtils.java INFO  [TestNG-PoolService-0] lang.String 37 - Clicked on search button
]]></system-out>
    <system-err><![CDATA[Aug 06, 2023 5:59:34 PM org.openqa.selenium.remote.service.DriverService$Builder getLogOutput
INFO: Driver logs no longer sent to console by default; https://www.selenium.dev/documentation/webdriver/drivers/service/#setting-log-output
Aug 06, 2023 5:59:36 PM org.openqa.selenium.devtools.CdpVersionFinder findNearestMatch
WARNING: Unable to find an exact match for CDP version 115, so returning the closest version found: 114
]]></system-err>
  </testcase>
</testsuite>