<?xml version="1.0" encoding="UTF-8"?>
<testng-results ignored="0" total="1" passed="1" failed="0" skipped="0">
  <reporter-output>
  </reporter-output>
  <suite started-at="2023-06-16T18:27:28 IST" name="Default suite" finished-at="2023-06-16T18:27:58 IST" duration-ms="29991">
    <groups>
    </groups>
    <test started-at="2023-06-16T18:27:28 IST" name="Default test" finished-at="2023-06-16T18:27:58 IST" duration-ms="29991">
      <class name="first.AutoSuggestDD">
        <test-method signature="browserStack()[pri:0, instance:first.AutoSuggestDD@8dbfffb]" started-at="2023-06-16T18:27:28 IST" name="browserStack" finished-at="2023-06-16T18:27:58 IST" duration-ms="29757" status="PASS">
          <reporter-output>
          </reporter-output>
        </test-method> <!-- browserStack -->
      </class> <!-- first.AutoSuggestDD -->
    </test> <!-- Default test -->
  </suite> <!-- Default suite -->
</testng-results>
